2024-02-14 16:53:05.225491700 INFO  acme.Launcher@main Starting Launcher using Java 20.0.2 on LAPTOP-6MIJNVGI with PID 17244 (C:\Users\migue\Documents\Universidad\3º\SEGUNTO CUATRIMESTRE\DP2\Workspace-24\Frameworks\Acme-Framework-24.1.0\target\classes started by migue in C:\Users\migue\Documents\Universidad\3º\SEGUNTO CUATRIMESTRE\DP2\Workspace-24\Projects\Acme-SF-D01-24.1.0) 
2024-02-14 16:53:05.227486500 DEBUG acme.Launcher@main Running with Spring Boot v2.7.15, Spring v5.3.29 
2024-02-14 16:53:05.229481700 INFO  acme.Launcher@main The following 2 profiles are active: "development", "populator" 
2024-02-14 16:53:22.075426200 INFO  acme.Launcher@main Started Launcher in 18.686 seconds (JVM running for 20.564) 
2024-02-14 16:53:22.262924700 DEBUG acme.internals.components.clocks.AbstractClock@main Changing base moment to 'Wed Feb 14 16:53:22 CET 2024'. 
2024-02-14 16:53:22.264919700 DEBUG acme.internals.components.clocks.AbstractClock@main Changing base moment to 'Sat Jul 30 00:00:00 CEST 2022'. 
2024-02-14 16:53:22.265917200 DEBUG acme.internals.components.clocks.SimulatedClock@main Changing current moment to 'Sat Jul 30 00:00:00 CEST 2022'. 
2024-02-14 16:53:22.268909 INFO  acme.Launcher@main Launching populator#sample in your development platform. 
2024-02-14 16:53:22.268909 INFO  acme.Launcher@main Resetting application (create schema, populate initial data, reset clock, reset random generator). 
2024-02-14 16:53:22.268909 DEBUG acme.Launcher@main Initialising clock. 
2024-02-14 16:53:22.269906500 DEBUG acme.internals.components.clocks.SimulatedClock@main Changing current moment to 'Sat Jul 30 00:00:00 CEST 2022'. 
2024-02-14 16:53:22.269906500 DEBUG acme.Launcher@main Initialising random generator. 
2024-02-14 16:53:22.269906500 DEBUG acme.Launcher@main Populating database. 
2024-02-14 16:53:22.272898400 DEBUG acme.internals.components.database.DatabasePopulator@main Reading entities from 'classpath:/WEB-INF/resources/initial-data'. 
2024-02-14 16:53:22.317778100 DEBUG acme.internals.components.database.EntityTable@main Reading entities from 'C:\Users\migue\Documents\Universidad\3º\SEGUNTO CUATRIMESTRE\DP2\Workspace-24\Projects\Acme-SF-D01-24.1.0\target\classes\WEB-INF\resources\initial-data\administrator.csv'. 
2024-02-14 16:53:22.501303500 DEBUG acme.internals.components.database.EntityTable@main Reading mapping '{key=administrator-01, key:userAccount=user-account-administrator-01}' from 'C:\Users\migue\Documents\Universidad\3º\SEGUNTO CUATRIMESTRE\DP2\Workspace-24\Projects\Acme-SF-D01-24.1.0\target\classes\WEB-INF\resources\initial-data\administrator.csv'. 
2024-02-14 16:53:22.506273400 DEBUG acme.internals.components.database.EntityTable@main Reading entities from 'C:\Users\migue\Documents\Universidad\3º\SEGUNTO CUATRIMESTRE\DP2\Workspace-24\Projects\Acme-SF-D01-24.1.0\target\classes\WEB-INF\resources\initial-data\anonymous.csv'. 
2024-02-14 16:53:22.507270900 DEBUG acme.internals.components.database.EntityTable@main Reading mapping '{key=anonymous-01, key:userAccount=user-account-anonymous-01}' from 'C:\Users\migue\Documents\Universidad\3º\SEGUNTO CUATRIMESTRE\DP2\Workspace-24\Projects\Acme-SF-D01-24.1.0\target\classes\WEB-INF\resources\initial-data\anonymous.csv'. 
2024-02-14 16:53:22.509265 DEBUG acme.internals.components.database.EntityTable@main Reading entities from 'C:\Users\migue\Documents\Universidad\3º\SEGUNTO CUATRIMESTRE\DP2\Workspace-24\Projects\Acme-SF-D01-24.1.0\target\classes\WEB-INF\resources\initial-data\user-account.csv'. 
2024-02-14 16:53:22.510262700 DEBUG acme.internals.components.database.EntityTable@main Reading mapping '{password=HIDDEN-PASSWORD, identity=UserIdentity{name: 'John', surname: 'Doe', email: 'john.doe@acme.com'}, key=user-account-anonymous-01, enabled=false, username=anonymous}' from 'C:\Users\migue\Documents\Universidad\3º\SEGUNTO CUATRIMESTRE\DP2\Workspace-24\Projects\Acme-SF-D01-24.1.0\target\classes\WEB-INF\resources\initial-data\user-account.csv'. 
2024-02-14 16:53:22.510262700 DEBUG acme.internals.components.database.EntityTable@main Reading mapping '{password=administrator, identity=UserIdentity{name: 'Administrator', surname: 'Acme', email: 'administrator@acme.com'}, key=user-account-administrator-01, enabled=true, username=administrator}' from 'C:\Users\migue\Documents\Universidad\3º\SEGUNTO CUATRIMESTRE\DP2\Workspace-24\Projects\Acme-SF-D01-24.1.0\target\classes\WEB-INF\resources\initial-data\user-account.csv'. 
2024-02-14 16:53:22.511260300 DEBUG acme.internals.components.database.EntityWeb@main Setting attributes of entities of class acme.client.data.accounts.Administrator. 
2024-02-14 16:53:22.511260300 DEBUG acme.internals.components.database.EntityWeb@main Setting attributes of entities of class acme.client.data.accounts.Anonymous. 
2024-02-14 16:53:22.512257300 DEBUG acme.internals.components.database.EntityWeb@main Setting attributes of entities of class acme.client.data.accounts.UserAccount. 
2024-02-14 16:53:22.860322800 DEBUG acme.internals.components.database.EntityWeb@main Linking entities of class acme.client.data.accounts.Administrator. 
2024-02-14 16:53:22.869300 DEBUG acme.internals.components.database.EntityWeb@main Linking entities of class acme.client.data.accounts.Anonymous. 
2024-02-14 16:53:22.876280800 DEBUG acme.internals.components.database.EntityWeb@main Linking entities of class acme.client.data.accounts.UserAccount. 
2024-02-14 16:53:22.876280800 DEBUG acme.internals.components.database.DatabasePopulator@main Reading entities from 'classpath:/WEB-INF/resources/sample-data'. 
2024-02-14 16:53:22.881304200 DEBUG acme.internals.components.database.EntityTable@main Reading entities from 'C:\Users\migue\Documents\Universidad\3º\SEGUNTO CUATRIMESTRE\DP2\Workspace-24\Projects\Acme-SF-D01-24.1.0\target\classes\WEB-INF\resources\sample-data\consumer.csv'. 
2024-02-14 16:53:22.882299200 DEBUG acme.internals.components.database.EntityTable@main Reading mapping '{company=Macarena, Inc., sector=Telecommunications, key=consumer-01, key:userAccount=user-account-consumer-01}' from 'C:\Users\migue\Documents\Universidad\3º\SEGUNTO CUATRIMESTRE\DP2\Workspace-24\Projects\Acme-SF-D01-24.1.0\target\classes\WEB-INF\resources\sample-data\consumer.csv'. 
2024-02-14 16:53:22.883270500 DEBUG acme.internals.components.database.EntityTable@main Reading mapping '{company=լոռեմ իպսում, sector=ლორემ იფსუმ, key=consumer-02, key:userAccount=user-account-consumer-02}' from 'C:\Users\migue\Documents\Universidad\3º\SEGUNTO CUATRIMESTRE\DP2\Workspace-24\Projects\Acme-SF-D01-24.1.0\target\classes\WEB-INF\resources\sample-data\consumer.csv'. 
2024-02-14 16:53:22.885255300 DEBUG acme.internals.components.database.EntityTable@main Reading entities from 'C:\Users\migue\Documents\Universidad\3º\SEGUNTO CUATRIMESTRE\DP2\Workspace-24\Projects\Acme-SF-D01-24.1.0\target\classes\WEB-INF\resources\sample-data\provider.csv'. 
2024-02-14 16:53:22.886254500 DEBUG acme.internals.components.database.EntityTable@main Reading mapping '{company=Terra Nets, S.A., sector=Internet, key=provider-01, key:userAccount=user-account-provider-01}' from 'C:\Users\migue\Documents\Universidad\3º\SEGUNTO CUATRIMESTRE\DP2\Workspace-24\Projects\Acme-SF-D01-24.1.0\target\classes\WEB-INF\resources\sample-data\provider.csv'. 
2024-02-14 16:53:22.887252 DEBUG acme.internals.components.database.EntityTable@main Reading mapping '{company=Лорем ипсум, sector=Λορεμ ιπσθμ, key=provider-02, key:userAccount=user-account-provider-02}' from 'C:\Users\migue\Documents\Universidad\3º\SEGUNTO CUATRIMESTRE\DP2\Workspace-24\Projects\Acme-SF-D01-24.1.0\target\classes\WEB-INF\resources\sample-data\provider.csv'. 
2024-02-14 16:53:22.889246400 DEBUG acme.internals.components.database.EntityTable@main Reading entities from 'C:\Users\migue\Documents\Universidad\3º\SEGUNTO CUATRIMESTRE\DP2\Workspace-24\Projects\Acme-SF-D01-24.1.0\target\classes\WEB-INF\resources\sample-data\user-account.csv'. 
2024-02-14 16:53:22.890243 DEBUG acme.internals.components.database.EntityTable@main Reading mapping '{password=consumer1, identity=UserIdentity{name: 'Peter', surname: 'Consumer', email: 'peter@acme.com'}, key=user-account-consumer-01, enabled=true, username=consumer1}' from 'C:\Users\migue\Documents\Universidad\3º\SEGUNTO CUATRIMESTRE\DP2\Workspace-24\Projects\Acme-SF-D01-24.1.0\target\classes\WEB-INF\resources\sample-data\user-account.csv'. 
2024-02-14 16:53:22.891239900 DEBUG acme.internals.components.database.EntityTable@main Reading mapping '{password=consumer2, identity=UserIdentity{name: 'Mary', surname: '貸んい建濯よ芝弾テソ Λορεμ ιπσθμ', email: 'mary@acme.com'}, key=user-account-consumer-02, enabled=true, username=consumer2}' from 'C:\Users\migue\Documents\Universidad\3º\SEGUNTO CUATRIMESTRE\DP2\Workspace-24\Projects\Acme-SF-D01-24.1.0\target\classes\WEB-INF\resources\sample-data\user-account.csv'. 
2024-02-14 16:53:22.891239900 DEBUG acme.internals.components.database.EntityTable@main Reading mapping '{password=provider1, identity=UserIdentity{name: 'Laurel', surname: 'Provider', email: 'laurel@acme.com'}, key=user-account-provider-01, enabled=true, username=provider1}' from 'C:\Users\migue\Documents\Universidad\3º\SEGUNTO CUATRIMESTRE\DP2\Workspace-24\Projects\Acme-SF-D01-24.1.0\target\classes\WEB-INF\resources\sample-data\user-account.csv'. 
2024-02-14 16:53:22.892237800 DEBUG acme.internals.components.database.EntityTable@main Reading mapping '{password=provider2, identity=UserIdentity{name: 'Martina', surname: 'коза თხა', email: 'martina@acme.com'}, key=user-account-provider-02, enabled=true, username=provider2}' from 'C:\Users\migue\Documents\Universidad\3º\SEGUNTO CUATRIMESTRE\DP2\Workspace-24\Projects\Acme-SF-D01-24.1.0\target\classes\WEB-INF\resources\sample-data\user-account.csv'. 
2024-02-14 16:53:22.893234200 DEBUG acme.internals.components.database.EntityWeb@main Setting attributes of entities of class acme.roles.Consumer. 
2024-02-14 16:53:22.903209100 DEBUG acme.internals.components.database.EntityWeb@main Setting attributes of entities of class acme.roles.Provider. 
2024-02-14 16:53:22.913181900 DEBUG acme.internals.components.database.EntityWeb@main Setting attributes of entities of class acme.client.data.accounts.UserAccount. 
2024-02-14 16:53:22.948087800 DEBUG acme.internals.components.database.EntityWeb@main Linking entities of class acme.roles.Consumer. 
2024-02-14 16:53:22.949085100 DEBUG acme.internals.components.database.EntityWeb@main Linking entities of class acme.roles.Provider. 
2024-02-14 16:53:22.949085100 DEBUG acme.internals.components.database.EntityWeb@main Linking entities of class acme.client.data.accounts.UserAccount. 
2024-02-14 16:53:22.950082300 DEBUG acme.internals.components.database.DatabasePopulator@main Validating your entities. 
2024-02-14 16:53:23.060786600 DEBUG acme.internals.components.database.DatabasePopulator@main Validating 'administrator-01' ... PASS. 
2024-02-14 16:53:23.067768200 DEBUG acme.internals.components.database.DatabasePopulator@main Validating 'anonymous-01' ... PASS. 
2024-02-14 16:53:23.071756900 DEBUG acme.internals.components.database.DatabasePopulator@main Validating 'user-account-anonymous-01' ... PASS. 
2024-02-14 16:53:23.073751700 DEBUG acme.internals.components.database.DatabasePopulator@main Validating 'user-account-administrator-01' ... PASS. 
2024-02-14 16:53:23.080733 DEBUG acme.internals.components.database.DatabasePopulator@main Validating 'consumer-01' ... PASS. 
2024-02-14 16:53:23.082728100 DEBUG acme.internals.components.database.DatabasePopulator@main Validating 'consumer-02' ... PASS. 
2024-02-14 16:53:23.088711500 DEBUG acme.internals.components.database.DatabasePopulator@main Validating 'provider-01' ... PASS. 
2024-02-14 16:53:23.090706500 DEBUG acme.internals.components.database.DatabasePopulator@main Validating 'provider-02' ... PASS. 
2024-02-14 16:53:23.091703700 DEBUG acme.internals.components.database.DatabasePopulator@main Validating 'user-account-consumer-01' ... PASS. 
2024-02-14 16:53:23.093698300 DEBUG acme.internals.components.database.DatabasePopulator@main Validating 'user-account-consumer-02' ... PASS. 
2024-02-14 16:53:23.095693 DEBUG acme.internals.components.database.DatabasePopulator@main Validating 'user-account-provider-01' ... PASS. 
2024-02-14 16:53:23.097687800 DEBUG acme.internals.components.database.DatabasePopulator@main Validating 'user-account-provider-02' ... PASS. 
2024-02-14 16:53:23.097687800 DEBUG acme.internals.components.database.DatabasePopulator@main Sorting your entity clazzes topologically. 
2024-02-14 16:53:23.097687800 DEBUG acme.internals.components.database.DatabasePopulator@main Best topological order for your entity clazzes: 
2024-02-14 16:53:23.098685100 DEBUG acme.internals.components.database.DatabasePopulator@main - acme.client.data.accounts.UserAccount 
2024-02-14 16:53:23.098685100 DEBUG acme.internals.components.database.DatabasePopulator@main - acme.client.data.accounts.Administrator 
2024-02-14 16:53:23.098685100 DEBUG acme.internals.components.database.DatabasePopulator@main - acme.client.data.accounts.Anonymous 
2024-02-14 16:53:23.098685100 DEBUG acme.internals.components.database.DatabasePopulator@main - acme.roles.Consumer 
2024-02-14 16:53:23.099682400 DEBUG acme.internals.components.database.DatabasePopulator@main - acme.roles.Provider 
2024-02-14 16:53:23.121625 DEBUG acme.internals.components.database.DatabaseManager@main Dropping existing database schema, if any. 
2024-02-14 16:53:23.160522200 DEBUG acme.internals.components.database.DatabaseManager@main Starting transaction 7f86160d-574d-48ac-a72e-7a6eea78021a. 
2024-02-14 16:53:23.175479500 DEBUG acme.internals.components.database.DatabaseManager@main Creating batch for transaction 7f86160d-574d-48ac-a72e-7a6eea78021a. 
2024-02-14 16:53:23.175479500 DEBUG acme.internals.components.database.DatabaseManager@main Adding 'set foreign_key_checks=0;\n' to batch in transaction 7f86160d-574d-48ac-a72e-7a6eea78021a. 
2024-02-14 16:53:23.176476600 DEBUG acme.internals.components.database.DatabaseManager@main Adding 'drop table if exists administrator' to batch in transaction 7f86160d-574d-48ac-a72e-7a6eea78021a. 
2024-02-14 16:53:23.176476600 DEBUG acme.internals.components.database.DatabaseManager@main Adding 'drop table if exists anonymous' to batch in transaction 7f86160d-574d-48ac-a72e-7a6eea78021a. 
2024-02-14 16:53:23.176476600 DEBUG acme.internals.components.database.DatabaseManager@main Adding 'drop table if exists any' to batch in transaction 7f86160d-574d-48ac-a72e-7a6eea78021a. 
2024-02-14 16:53:23.176476600 DEBUG acme.internals.components.database.DatabaseManager@main Adding 'drop table if exists authenticated' to batch in transaction 7f86160d-574d-48ac-a72e-7a6eea78021a. 
2024-02-14 16:53:23.177474100 DEBUG acme.internals.components.database.DatabaseManager@main Adding 'drop table if exists consumer' to batch in transaction 7f86160d-574d-48ac-a72e-7a6eea78021a. 
2024-02-14 16:53:23.177474100 DEBUG acme.internals.components.database.DatabaseManager@main Adding 'drop table if exists hibernate_sequences' to batch in transaction 7f86160d-574d-48ac-a72e-7a6eea78021a. 
2024-02-14 16:53:23.177474100 DEBUG acme.internals.components.database.DatabaseManager@main Adding 'drop table if exists provider' to batch in transaction 7f86160d-574d-48ac-a72e-7a6eea78021a. 
2024-02-14 16:53:23.177474100 DEBUG acme.internals.components.database.DatabaseManager@main Adding 'drop table if exists user_account' to batch in transaction 7f86160d-574d-48ac-a72e-7a6eea78021a. 
2024-02-14 16:53:23.178482600 DEBUG acme.internals.components.database.DatabaseManager@main Adding 'set foreign_key_checks=1;\n' to batch in transaction 7f86160d-574d-48ac-a72e-7a6eea78021a. 
2024-02-14 16:53:23.178482600 DEBUG acme.internals.components.database.DatabaseManager@main Submitting batch in transaction 7f86160d-574d-48ac-a72e-7a6eea78021a. 
2024-02-14 16:53:23.281196900 DEBUG acme.internals.components.database.DatabaseManager@main Committing transaction 7f86160d-574d-48ac-a72e-7a6eea78021a. 
2024-02-14 16:53:23.284189 DEBUG acme.internals.components.database.DatabaseManager@main Creating database schema. 
2024-02-14 16:53:23.293164700 DEBUG acme.internals.components.database.DatabaseManager@main Starting transaction 180ac490-5e43-418e-9d7a-820424933345. 
2024-02-14 16:53:23.295159300 DEBUG acme.internals.components.database.DatabaseManager@main Creating batch for transaction 180ac490-5e43-418e-9d7a-820424933345. 
2024-02-14 16:53:23.295159300 DEBUG acme.internals.components.database.DatabaseManager@main Adding 'set foreign_key_checks=0;\n' to batch in transaction 180ac490-5e43-418e-9d7a-820424933345. 
2024-02-14 16:53:23.295159300 DEBUG acme.internals.components.database.DatabaseManager@main Adding 'create table administrator (id integer not null, version integer not null, user_account_id integer, primary key (id)) engine=InnoDB' to batch in transaction 180ac490-5e43-418e-9d7a-820424933345. 
2024-02-14 16:53:23.295159300 DEBUG acme.internals.components.database.DatabaseManager@main Adding 'create table anonymous (id integer not null, version integer not null, user_account_id integer, primary key (id)) engine=InnoDB' to batch in transaction 180ac490-5e43-418e-9d7a-820424933345. 
2024-02-14 16:53:23.296156900 DEBUG acme.internals.components.database.DatabaseManager@main Adding 'create table any (id integer not null, version integer not null, user_account_id integer, primary key (id)) engine=InnoDB' to batch in transaction 180ac490-5e43-418e-9d7a-820424933345. 
2024-02-14 16:53:23.296156900 DEBUG acme.internals.components.database.DatabaseManager@main Adding 'create table authenticated (id integer not null, version integer not null, user_account_id integer, primary key (id)) engine=InnoDB' to batch in transaction 180ac490-5e43-418e-9d7a-820424933345. 
2024-02-14 16:53:23.296156900 DEBUG acme.internals.components.database.DatabaseManager@main Adding 'create table consumer (id integer not null, version integer not null, user_account_id integer, company varchar(255), sector varchar(255), primary key (id)) engine=InnoDB' to batch in transaction 180ac490-5e43-418e-9d7a-820424933345. 
2024-02-14 16:53:23.296156900 DEBUG acme.internals.components.database.DatabaseManager@main Adding 'create table hibernate_sequences (sequence_name varchar(255) not null, next_val bigint, primary key (sequence_name)) engine=InnoDB' to batch in transaction 180ac490-5e43-418e-9d7a-820424933345. 
2024-02-14 16:53:23.297154200 DEBUG acme.internals.components.database.DatabaseManager@main Adding 'insert into hibernate_sequences(sequence_name, next_val) values ('default',0)' to batch in transaction 180ac490-5e43-418e-9d7a-820424933345. 
2024-02-14 16:53:23.297154200 DEBUG acme.internals.components.database.DatabaseManager@main Adding 'create table provider (id integer not null, version integer not null, user_account_id integer, company varchar(255), sector varchar(255), primary key (id)) engine=InnoDB' to batch in transaction 180ac490-5e43-418e-9d7a-820424933345. 
2024-02-14 16:53:23.297154200 DEBUG acme.internals.components.database.DatabaseManager@main Adding 'create table user_account (id integer not null, version integer not null, enabled bit not null, identity blob, password varchar(255) not null, username varchar(255) not null, primary key (id)) engine=InnoDB' to batch in transaction 180ac490-5e43-418e-9d7a-820424933345. 
2024-02-14 16:53:23.297154200 DEBUG acme.internals.components.database.DatabaseManager@main Adding 'alter table user_account add constraint UKcastjbvpeeus0r8lbpehiu0e4 unique (username)' to batch in transaction 180ac490-5e43-418e-9d7a-820424933345. 
2024-02-14 16:53:23.297154200 DEBUG acme.internals.components.database.DatabaseManager@main Adding 'alter table administrator add constraint FK_2a5vcjo3stlfcwadosjfq49l1 foreign key (user_account_id) references user_account (id)' to batch in transaction 180ac490-5e43-418e-9d7a-820424933345. 
2024-02-14 16:53:23.298151700 DEBUG acme.internals.components.database.DatabaseManager@main Adding 'alter table anonymous add constraint FK_6lnbc6fo3om54vugoh8icg78m foreign key (user_account_id) references user_account (id)' to batch in transaction 180ac490-5e43-418e-9d7a-820424933345. 
2024-02-14 16:53:23.298151700 DEBUG acme.internals.components.database.DatabaseManager@main Adding 'alter table any add constraint FK_26yflnlk4xrrxtkiwkag1l7lf foreign key (user_account_id) references user_account (id)' to batch in transaction 180ac490-5e43-418e-9d7a-820424933345. 
2024-02-14 16:53:23.298151700 DEBUG acme.internals.components.database.DatabaseManager@main Adding 'alter table authenticated add constraint FK_h52w0f3wjoi68b63wv9vwon57 foreign key (user_account_id) references user_account (id)' to batch in transaction 180ac490-5e43-418e-9d7a-820424933345. 
2024-02-14 16:53:23.298151700 DEBUG acme.internals.components.database.DatabaseManager@main Adding 'alter table consumer add constraint FK_6cyha9f1wpj0dpbxrrjddrqed foreign key (user_account_id) references user_account (id)' to batch in transaction 180ac490-5e43-418e-9d7a-820424933345. 
2024-02-14 16:53:23.298151700 DEBUG acme.internals.components.database.DatabaseManager@main Adding 'alter table provider add constraint FK_b1gwnjqm6ggy9yuiqm0o4rlmd foreign key (user_account_id) references user_account (id)' to batch in transaction 180ac490-5e43-418e-9d7a-820424933345. 
2024-02-14 16:53:23.299148800 DEBUG acme.internals.components.database.DatabaseManager@main Adding 'set foreign_key_checks=1;\n' to batch in transaction 180ac490-5e43-418e-9d7a-820424933345. 
2024-02-14 16:53:23.299148800 DEBUG acme.internals.components.database.DatabaseManager@main Submitting batch in transaction 180ac490-5e43-418e-9d7a-820424933345. 
2024-02-14 16:53:23.586380200 DEBUG acme.internals.components.database.DatabaseManager@main Committing transaction 180ac490-5e43-418e-9d7a-820424933345. 
2024-02-14 16:53:23.587377800 DEBUG acme.internals.components.database.DatabasePopulator@main Persisting your entities. 
2024-02-14 16:53:23.587377800 DEBUG acme.internals.components.database.DatabaseManager@main Starting transaction 43eb9cdf-ab34-4171-b0a7-3e72640b6fef. 
2024-02-14 16:53:23.588375100 DEBUG acme.internals.components.database.DatabasePopulator@main Persisting entities of clazz 'acme.client.data.accounts.UserAccount'. 
2024-02-14 16:53:23.591367100 DEBUG acme.internals.components.database.DatabaseManager@main Persisting entity '{id = 0, version = 0, username = "anonymous", password = "$2a$05$YWuVTnp0sZicSoCNZIffeOFTueyjvUsQdoHrQhyB7AdJX5p0270/i", enabled = false, identity = DefaultUserIdentity(name=John, surname=Doe, email=john.doe@acme.com), userRoles = null, $assertionsDisabled = false}'. 
2024-02-14 16:53:23.611313600 DEBUG org.hibernate.SQL@main select tbl.next_val from hibernate_sequences tbl where tbl.sequence_name=? for update 
2024-02-14 16:53:23.629265900 DEBUG org.hibernate.SQL@main update hibernate_sequences set next_val=?  where next_val=? and sequence_name=? 
2024-02-14 16:53:23.700998600 DEBUG acme.internals.components.database.DatabaseManager@main Persisting entity '{id = 0, version = 0, username = "administrator", password = "$2a$05$bFI2Ew8OBvjy4ku.rElD3.fsL9oDVLss4Sfg4jC.40XT2C2kQmlCq", enabled = true, identity = DefaultUserIdentity(name=Administrator, surname=Acme, email=administrator@acme.com), userRoles = null, $assertionsDisabled = false}'. 
2024-02-14 16:53:23.702993 DEBUG org.hibernate.SQL@main select tbl.next_val from hibernate_sequences tbl where tbl.sequence_name=? for update 
2024-02-14 16:53:23.703990400 DEBUG org.hibernate.SQL@main update hibernate_sequences set next_val=?  where next_val=? and sequence_name=? 
2024-02-14 16:53:23.707979900 DEBUG acme.internals.components.database.DatabaseManager@main Persisting entity '{id = 0, version = 0, username = "consumer1", password = "$2a$05$Tzp6Ai7gEMB0NXS3CVvgce58P7B3e8fYhdsm61kzgtg2QX51.2CHS", enabled = true, identity = DefaultUserIdentity(name=Peter, surname=Consumer, email=peter@acme.com), userRoles = null, $assertionsDisabled = false}'. 
2024-02-14 16:53:23.708977100 DEBUG org.hibernate.SQL@main select tbl.next_val from hibernate_sequences tbl where tbl.sequence_name=? for update 
2024-02-14 16:53:23.709974400 DEBUG org.hibernate.SQL@main update hibernate_sequences set next_val=?  where next_val=? and sequence_name=? 
2024-02-14 16:53:23.712966400 DEBUG acme.internals.components.database.DatabaseManager@main Persisting entity '{id = 0, version = 0, username = "consumer2", password = "$2a$05$3cMWTI9s33QhswvLvDeM6OdccIhazdVZGm4SzJ5GjtIv88ZApcqRC", enabled = true, identity = DefaultUserIdentity(name=Mary, surname=貸んい建濯よ芝弾テソ Λορεμ ιπσθμ, email=mary@acme.com), userRoles = null, $assertionsDisabled = false}'. 
2024-02-14 16:53:23.713963500 DEBUG org.hibernate.SQL@main select tbl.next_val from hibernate_sequences tbl where tbl.sequence_name=? for update 
2024-02-14 16:53:23.714961300 DEBUG org.hibernate.SQL@main update hibernate_sequences set next_val=?  where next_val=? and sequence_name=? 
2024-02-14 16:53:23.717953500 DEBUG acme.internals.components.database.DatabaseManager@main Persisting entity '{id = 0, version = 0, username = "provider1", password = "$2a$05$foPAAbKbOaRSMpA/mZTDRuFniLG79M4ScpGUtq8MwOpUAJ9JjScbK", enabled = true, identity = DefaultUserIdentity(name=Laurel, surname=Provider, email=laurel@acme.com), userRoles = null, $assertionsDisabled = false}'. 
2024-02-14 16:53:23.718963100 DEBUG org.hibernate.SQL@main select tbl.next_val from hibernate_sequences tbl where tbl.sequence_name=? for update 
2024-02-14 16:53:23.719948300 DEBUG org.hibernate.SQL@main update hibernate_sequences set next_val=?  where next_val=? and sequence_name=? 
2024-02-14 16:53:23.722939800 DEBUG acme.internals.components.database.DatabaseManager@main Persisting entity '{id = 0, version = 0, username = "provider2", password = "$2a$05$mveKAjXSFmfpBVS1yomjP.JsB.uq1V7LruIrcM.6v7bHnJ/hGJcJi", enabled = true, identity = DefaultUserIdentity(name=Martina, surname=коза თხა, email=martina@acme.com), userRoles = null, $assertionsDisabled = false}'. 
2024-02-14 16:53:23.723936600 DEBUG org.hibernate.SQL@main select tbl.next_val from hibernate_sequences tbl where tbl.sequence_name=? for update 
2024-02-14 16:53:23.724934300 DEBUG org.hibernate.SQL@main update hibernate_sequences set next_val=?  where next_val=? and sequence_name=? 
2024-02-14 16:53:23.727970800 DEBUG acme.internals.components.database.DatabasePopulator@main Persisting entities of clazz 'acme.client.data.accounts.Administrator'. 
2024-02-14 16:53:23.737899600 DEBUG acme.internals.components.database.DatabaseManager@main Persisting entity '{id = 0, version = 0, userAccount = UserAccount(username=administrator), $assertionsDisabled = false}'. 
2024-02-14 16:53:23.739894400 DEBUG org.hibernate.SQL@main select tbl.next_val from hibernate_sequences tbl where tbl.sequence_name=? for update 
2024-02-14 16:53:23.740891600 DEBUG org.hibernate.SQL@main update hibernate_sequences set next_val=?  where next_val=? and sequence_name=? 
2024-02-14 16:53:23.743883800 DEBUG acme.internals.components.database.DatabasePopulator@main Persisting entities of clazz 'acme.client.data.accounts.Anonymous'. 
2024-02-14 16:53:23.744881200 DEBUG acme.internals.components.database.DatabaseManager@main Persisting entity '{id = 0, version = 0, userAccount = UserAccount(username=anonymous), $assertionsDisabled = false}'. 
2024-02-14 16:53:23.745878600 DEBUG org.hibernate.SQL@main select tbl.next_val from hibernate_sequences tbl where tbl.sequence_name=? for update 
2024-02-14 16:53:23.745878600 DEBUG org.hibernate.SQL@main update hibernate_sequences set next_val=?  where next_val=? and sequence_name=? 
2024-02-14 16:53:23.748871800 DEBUG acme.internals.components.database.DatabasePopulator@main Persisting entities of clazz 'acme.roles.Consumer'. 
2024-02-14 16:53:23.748871800 DEBUG acme.internals.components.database.DatabaseManager@main Persisting entity '{id = 0, version = 0, userAccount = UserAccount(username=consumer1), $assertionsDisabled = false, company = "Macarena, Inc.", sector = "Telecommunications"}'. 
2024-02-14 16:53:23.749869800 DEBUG org.hibernate.SQL@main select tbl.next_val from hibernate_sequences tbl where tbl.sequence_name=? for update 
2024-02-14 16:53:23.749869800 DEBUG org.hibernate.SQL@main update hibernate_sequences set next_val=?  where next_val=? and sequence_name=? 
2024-02-14 16:53:23.752859700 DEBUG acme.internals.components.database.DatabaseManager@main Persisting entity '{id = 0, version = 0, userAccount = UserAccount(username=consumer2), $assertionsDisabled = false, company = "լոռեմ իպսում", sector = "ლორემ იფსუმ"}'. 
2024-02-14 16:53:23.753857300 DEBUG org.hibernate.SQL@main select tbl.next_val from hibernate_sequences tbl where tbl.sequence_name=? for update 
2024-02-14 16:53:23.754854200 DEBUG org.hibernate.SQL@main update hibernate_sequences set next_val=?  where next_val=? and sequence_name=? 
2024-02-14 16:53:23.756849200 DEBUG acme.internals.components.database.DatabasePopulator@main Persisting entities of clazz 'acme.roles.Provider'. 
2024-02-14 16:53:23.757846400 DEBUG acme.internals.components.database.DatabaseManager@main Persisting entity '{id = 0, version = 0, userAccount = UserAccount(username=provider1), $assertionsDisabled = false, company = "Terra Nets, S.A.", sector = "Internet"}'. 
2024-02-14 16:53:23.757846400 DEBUG org.hibernate.SQL@main select tbl.next_val from hibernate_sequences tbl where tbl.sequence_name=? for update 
2024-02-14 16:53:23.758843800 DEBUG org.hibernate.SQL@main update hibernate_sequences set next_val=?  where next_val=? and sequence_name=? 
2024-02-14 16:53:23.760838300 DEBUG acme.internals.components.database.DatabaseManager@main Persisting entity '{id = 0, version = 0, userAccount = UserAccount(username=provider2), $assertionsDisabled = false, company = "Лорем ипсум", sector = "Λορεμ ιπσθμ"}'. 
2024-02-14 16:53:23.761835600 DEBUG org.hibernate.SQL@main select tbl.next_val from hibernate_sequences tbl where tbl.sequence_name=? for update 
2024-02-14 16:53:23.762833300 DEBUG org.hibernate.SQL@main update hibernate_sequences set next_val=?  where next_val=? and sequence_name=? 
2024-02-14 16:53:23.764829200 DEBUG acme.internals.components.database.DatabaseManager@main Committing transaction 43eb9cdf-ab34-4171-b0a7-3e72640b6fef. 
2024-02-14 16:53:23.808710 DEBUG org.hibernate.SQL@main insert into user_account (version, enabled, identity, password, username, id) values (?, ?, ?, ?, ?, ?) 
2024-02-14 16:53:23.813697100 TRACE org.hibernate.type.descriptor.sql.BasicBinder@main binding parameter [1] as [INTEGER] - [0] 
2024-02-14 16:53:23.815691500 TRACE org.hibernate.type.descriptor.sql.BasicBinder@main binding parameter [2] as [BOOLEAN] - [false] 
2024-02-14 16:53:23.815691500 TRACE org.hibernate.type.descriptor.sql.BasicBinder@main binding parameter [3] as [BLOB] - [DefaultUserIdentity(name=John, surname=Doe, email=john.doe@acme.com)] 
2024-02-14 16:53:23.818683600 TRACE org.hibernate.type.descriptor.sql.BasicBinder@main binding parameter [4] as [VARCHAR] - [$2a$05$YWuVTnp0sZicSoCNZIffeOFTueyjvUsQdoHrQhyB7AdJX5p0270/i] 
2024-02-14 16:53:23.819680900 TRACE org.hibernate.type.descriptor.sql.BasicBinder@main binding parameter [5] as [VARCHAR] - [anonymous] 
2024-02-14 16:53:23.819680900 TRACE org.hibernate.type.descriptor.sql.BasicBinder@main binding parameter [6] as [INTEGER] - [1] 
2024-02-14 16:53:23.825665 DEBUG org.hibernate.SQL@main insert into user_account (version, enabled, identity, password, username, id) values (?, ?, ?, ?, ?, ?) 
2024-02-14 16:53:23.825665 TRACE org.hibernate.type.descriptor.sql.BasicBinder@main binding parameter [1] as [INTEGER] - [0] 
2024-02-14 16:53:23.825665 TRACE org.hibernate.type.descriptor.sql.BasicBinder@main binding parameter [2] as [BOOLEAN] - [true] 
2024-02-14 16:53:23.826662100 TRACE org.hibernate.type.descriptor.sql.BasicBinder@main binding parameter [3] as [BLOB] - [DefaultUserIdentity(name=Administrator, surname=Acme, email=administrator@acme.com)] 
2024-02-14 16:53:23.826662100 TRACE org.hibernate.type.descriptor.sql.BasicBinder@main binding parameter [4] as [VARCHAR] - [$2a$05$bFI2Ew8OBvjy4ku.rElD3.fsL9oDVLss4Sfg4jC.40XT2C2kQmlCq] 
2024-02-14 16:53:23.826662100 TRACE org.hibernate.type.descriptor.sql.BasicBinder@main binding parameter [5] as [VARCHAR] - [administrator] 
2024-02-14 16:53:23.826662100 TRACE org.hibernate.type.descriptor.sql.BasicBinder@main binding parameter [6] as [INTEGER] - [2] 
2024-02-14 16:53:23.828661 DEBUG org.hibernate.SQL@main insert into user_account (version, enabled, identity, password, username, id) values (?, ?, ?, ?, ?, ?) 
2024-02-14 16:53:23.828661 TRACE org.hibernate.type.descriptor.sql.BasicBinder@main binding parameter [1] as [INTEGER] - [0] 
2024-02-14 16:53:23.828661 TRACE org.hibernate.type.descriptor.sql.BasicBinder@main binding parameter [2] as [BOOLEAN] - [true] 
2024-02-14 16:53:23.829654300 TRACE org.hibernate.type.descriptor.sql.BasicBinder@main binding parameter [3] as [BLOB] - [DefaultUserIdentity(name=Peter, surname=Consumer, email=peter@acme.com)] 
2024-02-14 16:53:23.829654300 TRACE org.hibernate.type.descriptor.sql.BasicBinder@main binding parameter [4] as [VARCHAR] - [$2a$05$Tzp6Ai7gEMB0NXS3CVvgce58P7B3e8fYhdsm61kzgtg2QX51.2CHS] 
2024-02-14 16:53:23.829654300 TRACE org.hibernate.type.descriptor.sql.BasicBinder@main binding parameter [5] as [VARCHAR] - [consumer1] 
2024-02-14 16:53:23.830651700 TRACE org.hibernate.type.descriptor.sql.BasicBinder@main binding parameter [6] as [INTEGER] - [3] 
2024-02-14 16:53:23.832646200 DEBUG org.hibernate.SQL@main insert into user_account (version, enabled, identity, password, username, id) values (?, ?, ?, ?, ?, ?) 
2024-02-14 16:53:23.832646200 TRACE org.hibernate.type.descriptor.sql.BasicBinder@main binding parameter [1] as [INTEGER] - [0] 
2024-02-14 16:53:23.832646200 TRACE org.hibernate.type.descriptor.sql.BasicBinder@main binding parameter [2] as [BOOLEAN] - [true] 
2024-02-14 16:53:23.833643500 TRACE org.hibernate.type.descriptor.sql.BasicBinder@main binding parameter [3] as [BLOB] - [DefaultUserIdentity(name=Mary, surname=貸んい建濯よ芝弾テソ Λορεμ ιπσθμ, email=mary@acme.com)] 
2024-02-14 16:53:23.833643500 TRACE org.hibernate.type.descriptor.sql.BasicBinder@main binding parameter [4] as [VARCHAR] - [$2a$05$3cMWTI9s33QhswvLvDeM6OdccIhazdVZGm4SzJ5GjtIv88ZApcqRC] 
2024-02-14 16:53:23.833643500 TRACE org.hibernate.type.descriptor.sql.BasicBinder@main binding parameter [5] as [VARCHAR] - [consumer2] 
2024-02-14 16:53:23.834640900 TRACE org.hibernate.type.descriptor.sql.BasicBinder@main binding parameter [6] as [INTEGER] - [4] 
2024-02-14 16:53:23.835638200 DEBUG org.hibernate.SQL@main insert into user_account (version, enabled, identity, password, username, id) values (?, ?, ?, ?, ?, ?) 
2024-02-14 16:53:23.836635500 TRACE org.hibernate.type.descriptor.sql.BasicBinder@main binding parameter [1] as [INTEGER] - [0] 
2024-02-14 16:53:23.836635500 TRACE org.hibernate.type.descriptor.sql.BasicBinder@main binding parameter [2] as [BOOLEAN] - [true] 
2024-02-14 16:53:23.836635500 TRACE org.hibernate.type.descriptor.sql.BasicBinder@main binding parameter [3] as [BLOB] - [DefaultUserIdentity(name=Laurel, surname=Provider, email=laurel@acme.com)] 
2024-02-14 16:53:23.836635500 TRACE org.hibernate.type.descriptor.sql.BasicBinder@main binding parameter [4] as [VARCHAR] - [$2a$05$foPAAbKbOaRSMpA/mZTDRuFniLG79M4ScpGUtq8MwOpUAJ9JjScbK] 
2024-02-14 16:53:23.837633 TRACE org.hibernate.type.descriptor.sql.BasicBinder@main binding parameter [5] as [VARCHAR] - [provider1] 
2024-02-14 16:53:23.837633 TRACE org.hibernate.type.descriptor.sql.BasicBinder@main binding parameter [6] as [INTEGER] - [5] 
2024-02-14 16:53:23.838630400 DEBUG org.hibernate.SQL@main insert into user_account (version, enabled, identity, password, username, id) values (?, ?, ?, ?, ?, ?) 
2024-02-14 16:53:23.838630400 TRACE org.hibernate.type.descriptor.sql.BasicBinder@main binding parameter [1] as [INTEGER] - [0] 
2024-02-14 16:53:23.839627600 TRACE org.hibernate.type.descriptor.sql.BasicBinder@main binding parameter [2] as [BOOLEAN] - [true] 
2024-02-14 16:53:23.839627600 TRACE org.hibernate.type.descriptor.sql.BasicBinder@main binding parameter [3] as [BLOB] - [DefaultUserIdentity(name=Martina, surname=коза თხა, email=martina@acme.com)] 
2024-02-14 16:53:23.839627600 TRACE org.hibernate.type.descriptor.sql.BasicBinder@main binding parameter [4] as [VARCHAR] - [$2a$05$mveKAjXSFmfpBVS1yomjP.JsB.uq1V7LruIrcM.6v7bHnJ/hGJcJi] 
2024-02-14 16:53:23.839627600 TRACE org.hibernate.type.descriptor.sql.BasicBinder@main binding parameter [5] as [VARCHAR] - [provider2] 
2024-02-14 16:53:23.840624700 TRACE org.hibernate.type.descriptor.sql.BasicBinder@main binding parameter [6] as [INTEGER] - [6] 
2024-02-14 16:53:23.841622 DEBUG org.hibernate.SQL@main insert into administrator (version, user_account_id, id) values (?, ?, ?) 
2024-02-14 16:53:23.841622 TRACE org.hibernate.type.descriptor.sql.BasicBinder@main binding parameter [1] as [INTEGER] - [0] 
2024-02-14 16:53:23.841622 TRACE org.hibernate.type.descriptor.sql.BasicBinder@main binding parameter [2] as [INTEGER] - [2] 
2024-02-14 16:53:23.841622 TRACE org.hibernate.type.descriptor.sql.BasicBinder@main binding parameter [3] as [INTEGER] - [7] 
2024-02-14 16:53:23.843617 DEBUG org.hibernate.SQL@main insert into anonymous (version, user_account_id, id) values (?, ?, ?) 
2024-02-14 16:53:23.844614300 TRACE org.hibernate.type.descriptor.sql.BasicBinder@main binding parameter [1] as [INTEGER] - [0] 
2024-02-14 16:53:23.844614300 TRACE org.hibernate.type.descriptor.sql.BasicBinder@main binding parameter [2] as [INTEGER] - [1] 
2024-02-14 16:53:23.844614300 TRACE org.hibernate.type.descriptor.sql.BasicBinder@main binding parameter [3] as [INTEGER] - [8] 
2024-02-14 16:53:23.846609 DEBUG org.hibernate.SQL@main insert into consumer (version, user_account_id, company, sector, id) values (?, ?, ?, ?, ?) 
2024-02-14 16:53:23.846609 TRACE org.hibernate.type.descriptor.sql.BasicBinder@main binding parameter [1] as [INTEGER] - [0] 
2024-02-14 16:53:23.846609 TRACE org.hibernate.type.descriptor.sql.BasicBinder@main binding parameter [2] as [INTEGER] - [3] 
2024-02-14 16:53:23.847606500 TRACE org.hibernate.type.descriptor.sql.BasicBinder@main binding parameter [3] as [VARCHAR] - [Macarena, Inc.] 
2024-02-14 16:53:23.847606500 TRACE org.hibernate.type.descriptor.sql.BasicBinder@main binding parameter [4] as [VARCHAR] - [Telecommunications] 
2024-02-14 16:53:23.847606500 TRACE org.hibernate.type.descriptor.sql.BasicBinder@main binding parameter [5] as [INTEGER] - [9] 
2024-02-14 16:53:23.849601100 DEBUG org.hibernate.SQL@main insert into consumer (version, user_account_id, company, sector, id) values (?, ?, ?, ?, ?) 
2024-02-14 16:53:23.849601100 TRACE org.hibernate.type.descriptor.sql.BasicBinder@main binding parameter [1] as [INTEGER] - [0] 
2024-02-14 16:53:23.849601100 TRACE org.hibernate.type.descriptor.sql.BasicBinder@main binding parameter [2] as [INTEGER] - [4] 
2024-02-14 16:53:23.850598100 TRACE org.hibernate.type.descriptor.sql.BasicBinder@main binding parameter [3] as [VARCHAR] - [լոռեմ իպսում] 
2024-02-14 16:53:23.850598100 TRACE org.hibernate.type.descriptor.sql.BasicBinder@main binding parameter [4] as [VARCHAR] - [ლორემ იფსუმ] 
2024-02-14 16:53:23.850598100 TRACE org.hibernate.type.descriptor.sql.BasicBinder@main binding parameter [5] as [INTEGER] - [10] 
2024-02-14 16:53:23.851595300 DEBUG org.hibernate.SQL@main insert into provider (version, user_account_id, company, sector, id) values (?, ?, ?, ?, ?) 
2024-02-14 16:53:23.851595300 TRACE org.hibernate.type.descriptor.sql.BasicBinder@main binding parameter [1] as [INTEGER] - [0] 
2024-02-14 16:53:23.852592900 TRACE org.hibernate.type.descriptor.sql.BasicBinder@main binding parameter [2] as [INTEGER] - [5] 
2024-02-14 16:53:23.852592900 TRACE org.hibernate.type.descriptor.sql.BasicBinder@main binding parameter [3] as [VARCHAR] - [Terra Nets, S.A.] 
2024-02-14 16:53:23.852592900 TRACE org.hibernate.type.descriptor.sql.BasicBinder@main binding parameter [4] as [VARCHAR] - [Internet] 
2024-02-14 16:53:23.852592900 TRACE org.hibernate.type.descriptor.sql.BasicBinder@main binding parameter [5] as [INTEGER] - [11] 
2024-02-14 16:53:23.854587500 DEBUG org.hibernate.SQL@main insert into provider (version, user_account_id, company, sector, id) values (?, ?, ?, ?, ?) 
2024-02-14 16:53:23.854587500 TRACE org.hibernate.type.descriptor.sql.BasicBinder@main binding parameter [1] as [INTEGER] - [0] 
2024-02-14 16:53:23.854587500 TRACE org.hibernate.type.descriptor.sql.BasicBinder@main binding parameter [2] as [INTEGER] - [6] 
2024-02-14 16:53:23.855584800 TRACE org.hibernate.type.descriptor.sql.BasicBinder@main binding parameter [3] as [VARCHAR] - [Лорем ипсум] 
2024-02-14 16:53:23.855584800 TRACE org.hibernate.type.descriptor.sql.BasicBinder@main binding parameter [4] as [VARCHAR] - [Λορεμ ιπσθμ] 
2024-02-14 16:53:23.855584800 TRACE org.hibernate.type.descriptor.sql.BasicBinder@main binding parameter [5] as [INTEGER] - [12] 
2024-02-14 16:53:23.860571600 DEBUG acme.Launcher@main Resetting clock. 
2024-02-14 16:53:23.860571600 DEBUG acme.internals.components.clocks.SimulatedClock@main Changing current moment to 'Sat Jul 30 00:00:00 CEST 2022'. 
2024-02-14 16:53:23.860571600 DEBUG acme.Launcher@main Resetting random generator. 
2024-02-14 16:53:23.919414700 INFO  acme.internals.configuration.ShutdownConfiguration@main The system is shutting down... 
2024-02-14 16:53:23.933376900 INFO  acme.Launcher@main Exiting application with status 0. 
