request-id,request-method,request-path,request-query,request-payload,response-status,response-content-type,response-payload,response-oops,pre-handle-timestamp,post-handle-timestamp,"after-completion-timestamp"
"b3f75ce9-7c46-4363-aa18-d2a327513c91",GET,/any/system/welcome,,,200,text/html;charset=utf-8,,,1028921102696300,1028921158777700,1028925601726400
"dfe917b6-6ce6-417a-9243-395cf95b4e41",GET,"/libraries/fontawesome/5.2.0/css/all.min.css",,,200,text/css,,,1028925788607200,1028925801945000,1028925803747600
"520cb58d-4c4b-4db5-942a-28802863166c",GET,"/libraries/bootstrap/4.1.3/css/bootstrap.min.css",,,200,text/css,,,1028925813134000,1028925817431300,1028925819441400
"ac8a73c9-6568-437c-9acf-9d3f472b0910",GET,"/libraries/datatables/1.10.18/css/datatables.min.css",,,200,text/css,,,1028925827745100,1028925832682200,1028925834124400
"df17f469-583b-462b-9857-4e56345be708",GET,"/libraries/jquery/3.3.1/js/jquery.min.js",,,200,application/javascript,,,1028925840485500,1028925844186600,1028925851959900
"1e9e3849-089b-4eba-a008-9c77d8e4292f",GET,"/libraries/popper.js/1.14.4/js/popper.min.js",,,200,application/javascript,,,1028925859429200,1028925865084200,1028925867362000
"600181ee-0232-4cb3-9a9a-ac41c2d7eaf8",GET,"/libraries/bootstrap/4.1.3/js/bootstrap.min.js",,,200,application/javascript,,,1028925874057000,1028925880384900,1028925882754100
"489f35c7-0340-4eaa-9c15-ff41f2ac32f2",GET,"/libraries/acme/css/acme.css",,,200,text/css,,,1028925897357000,1028925901431700,1028925903334300
"17bf1d31-87b8-4366-a102-112fe59d89e4",GET,"/libraries/datatables/1.10.18/js/jquery.datatables.min.js",,,200,application/javascript,,,1028925909023200,1028925913665900,1028925915293500
"ef3c3afc-fd98-45e3-9281-6a327a351a80",GET,"/libraries/datatables/1.10.18/js/datatables.min.js",,,200,application/javascript,,,1028925924009500,1028925930289000,1028925931672500
"1fca4f4a-0bf8-426e-8419-719dd9a179c2",GET,"/libraries/chart.js/2.7.2/js/chart.bundle.min.js",,,200,application/javascript,,,1028925941150300,1028925946685100,1028925948702200
"ff93d664-ee0d-4dbe-82d8-c3dcc85d0d00",GET,"/libraries/areyousure/1.9.0/js/areyousure.min.js",,,200,application/javascript,,,1028925955670000,1028925958466800,1028925959738300
"98aba9e3-cb15-4915-bbe0-06e2a05c0301",GET,"/libraries/acme/js/acme.js",,,200,application/javascript,,,1028925967268000,1028925970122900,1028925970966900
"ff52e4d5-bd6b-4e2f-a049-265756bf75f8",GET,/images/banner.png,,,200,image/png,,,1028925976251700,1028925980008400,1028925981224800
"8014bb1f-89c5-4cb5-bb58-af7ef08f4ac3",GET,/images/logo.png,,,200,image/png,,,1028926019058600,1028926022407600,1028926023090600
"aa98d93a-a744-498e-a942-0befe342a4f9",GET,"/libraries/fontawesome/5.2.0/webfonts/fa-solid-900.woff2",,,200,application/font-woff2,,,1028926037482800,1028926039925300,1028926040685400
"399b42a3-c36d-4c4b-ab1f-f1fcc598a40e",GET,"/libraries/fontawesome/5.2.0/webfonts/fa-brands-400.woff2",,,200,application/font-woff2,,,1028926047078700,1028926055976800,1028926057067000
"13a4f2ff-2596-4e50-9477-87101e56b526",GET,/images/favicon.ico,,,200,image/x-icon,,,1028926115830300,1028926142562500,1028926145633600
"00957799-6316-4cdd-addc-9d79fed98266",GET,/any/system/welcome,,,200,text/html;charset=utf-8,,,1028935662661000,1028935665390200,1028935914975900
"ddbc0512-9327-46c0-8b9b-24e3f771dee9",GET,"/libraries/fontawesome/5.2.0/css/all.min.css",,,200,text/css,,,1028935980130800,1028935987096500,1028935988526500
"28f239cb-738b-4dd3-9a66-61050b81dd3b",GET,"/libraries/bootstrap/4.1.3/css/bootstrap.min.css",,,200,text/css,,,1028935994823200,1028935997703800,1028935998854600
"0ecb87d3-888a-47e8-92b3-9b3450b71702",GET,"/libraries/datatables/1.10.18/css/datatables.min.css",,,200,text/css,,,1028936006339000,1028936009264100,1028936010958300
"eeb3dd70-bf04-48e0-97eb-a242c4a7c7f1",GET,"/libraries/jquery/3.3.1/js/jquery.min.js",,,200,application/javascript,,,1028936017493100,1028936020784400,1028936021779500
"2e07710a-c8dd-4c54-9080-f82a4f1806d1",GET,"/libraries/popper.js/1.14.4/js/popper.min.js",,,200,application/javascript,,,1028936026055900,1028936029302500,1028936030666800
"93850a71-62b2-4cf5-b3dd-2502a19fac2d",GET,"/libraries/bootstrap/4.1.3/js/bootstrap.min.js",,,200,application/javascript,,,1028936035971700,1028936038711400,1028936039811600
"1ebbfdf2-5544-46b1-9167-bd4ec2481bac",GET,"/libraries/acme/css/acme.css",,,200,text/css,,,1028936044323700,1028936047552000,1028936049008500
"2bb19935-f53a-4062-973b-199c693e93dc",GET,"/libraries/datatables/1.10.18/js/jquery.datatables.min.js",,,200,application/javascript,,,1028936054062200,1028936057132100,1028936058083600
"af78ad2b-f4c0-402c-9c54-2a90dcfc964b",GET,"/libraries/datatables/1.10.18/js/datatables.min.js",,,200,application/javascript,,,1028936063252000,1028936066002300,1028936067556700
"d5071b9b-4633-407c-88ae-eb3ebeed5997",GET,"/libraries/chart.js/2.7.2/js/chart.bundle.min.js",,,200,application/javascript,,,1028936074389800,1028936077045200,1028936077931000
"429a70c9-ca4b-4a45-87dd-0bea24342a57",GET,"/libraries/areyousure/1.9.0/js/areyousure.min.js",,,200,application/javascript,,,1028936082903300,1028936088011800,1028936089464300
"a25b5e38-6712-4983-b3e2-5952faac1213",GET,"/libraries/acme/js/acme.js",,,200,application/javascript,,,1028936093545800,1028936096128900,1028936097610900
"5e1798cf-cba1-4d96-8ffa-bd900d9f8750",GET,/images/banner.png,,,200,image/png,,,1028936106046500,1028936109151900,1028936110180500
"e9282faf-3368-418a-bdfc-67088ee7900e",GET,/images/logo.png,,,200,image/png,,,1028936126635700,1028936130351500,1028936131889200
"acead0d5-b6fc-491e-8e6a-8409d0f2d570",GET,"/libraries/fontawesome/5.2.0/webfonts/fa-solid-900.woff2",,,200,application/font-woff2,,,1028936140268300,1028936143248700,1028936144387700
"4df74366-86aa-467a-8787-3008badbfe4c",GET,"/libraries/fontawesome/5.2.0/webfonts/fa-brands-400.woff2",,,200,application/font-woff2,,,1028936149558700,1028936156207300,1028936157306700
